  SVGContainer.cpp
c:\users\lyubo\source\repos\kpk\clean-code-project\svgcontainer.cpp(85): warning C4244: 'argument': conversion from 'double' to 'const char', possible loss of data
c:\users\lyubo\source\repos\kpk\clean-code-project\svgcontainer.cpp(114): warning C4244: 'argument': conversion from 'double' to 'const char', possible loss of data
c:\users\lyubo\source\repos\kpk\clean-code-project\svgcontainer.cpp(144): warning C4244: 'argument': conversion from 'double' to 'const char', possible loss of data
c:\users\lyubo\source\repos\kpk\clean-code-project\svgcontainer.cpp(275): warning C4101: 'f': unreferenced local variable
c:\users\lyubo\source\repos\kpk\clean-code-project\svgcontainer.cpp(356): warning C4244: '=': conversion from 'double' to 'int', possible loss of data
c:\users\lyubo\source\repos\kpk\clean-code-project\svgcontainer.cpp(378): warning C4244: 'argument': conversion from 'double' to 'const int', possible loss of data
c:\users\lyubo\source\repos\kpk\clean-code-project\svgcontainer.cpp(383): warning C4244: 'argument': conversion from 'double' to 'const int', possible loss of data
c:\users\lyubo\source\repos\kpk\clean-code-project\svgcontainer.cpp(501): warning C4806: '^': unsafe operation: no value of type 'bool' promoted to type 'int' can equal the given constant
c:\users\lyubo\source\repos\kpk\clean-code-project\svgcontainer.cpp(501): warning C4554: '^': check operator precedence for possible error; use parentheses to clarify precedence
  Generating Code...
c:\users\lyubo\source\repos\kpk\clean-code-project\svgcontainer.cpp(156): warning C4715: 'SVGContainer::createLineFromUserInput': not all control paths return a value
c:\users\lyubo\source\repos\kpk\clean-code-project\svgcontainer.cpp(206): warning C4715: 'SVGContainer::createPolygonFromUserInput': not all control paths return a value
  Compiling...
  Source.cpp
c:\users\lyubo\source\repos\kpk\clean-code-project\source.cpp(31): warning C4129: ' ': unrecognized character escape sequence
  SVGFile.cpp
  Generating Code...
SVGContainer.obj : error LNK2019: unresolved external symbol "double __cdecl cutFirstNumberFromString(class std::basic_string<char,struct std::char_traits<char>,class std::allocator<char> >)" (?cutFirstNumberFromString@@YANV?$basic_string@DU?$char_traits@D@std@@V?$allocator@D@2@@std@@@Z) referenced in function "private: class Circle * __thiscall SVGContainer::createCircleFromUserInput(class std::basic_string<char,struct std::char_traits<char>,class std::allocator<char> >)" (?createCircleFromUserInput@SVGContainer@@AAEPAVCircle@@V?$basic_string@DU?$char_traits@D@std@@V?$allocator@D@2@@std@@@Z)
C:\Users\Lyubo\source\repos\KPK\Clean-code-project\Debug\OOP_Project_SVG.exe : fatal error LNK1120: 1 unresolved externals
